2021-07-23 09:52:09:522 [Appium] Welcome to Appium v1.21.0
2021-07-23 09:52:09:523 [Appium] Non-default server args:
2021-07-23 09:52:09:523 [Appium]   port: 14602
2021-07-23 09:52:09:523 [Appium]   sessionOverride: true
2021-07-23 09:52:09:523 [Appium]   logFile: D:\UI Automation\AndroidAutomation_ServiceProvider\Android_MiA3\Server.log
2021-07-23 09:52:09:544 [Appium] Appium REST http interface listener started on 0.0.0.0:14602
2021-07-23 09:52:09:930 [HTTP] --> GET /wd/hub/status
2021-07-23 09:52:09:930 [HTTP] {}
2021-07-23 09:52:09:932 [GENERIC] Calling AppiumDriver.getStatus() with args: []
2021-07-23 09:52:09:932 [GENERIC] Responding to client with driver.getStatus() result: {"build":{"version":"1.21.0"}}
2021-07-23 09:52:09:936 [HTTP] <-- GET /wd/hub/status 200 5 ms - 68
2021-07-23 09:52:09:936 [HTTP] 
2021-07-23 09:52:09:937 [HTTP] --> GET /wd/hub/status
2021-07-23 09:52:09:938 [HTTP] {}
2021-07-23 09:52:09:938 [GENERIC] Calling AppiumDriver.getStatus() with args: []
2021-07-23 09:52:09:938 [GENERIC] Responding to client with driver.getStatus() result: {"build":{"version":"1.21.0"}}
2021-07-23 09:52:09:939 [HTTP] <-- GET /wd/hub/status 200 1 ms - 68
2021-07-23 09:52:09:939 [HTTP] 
2021-07-23 09:52:09:944 [HTTP] Request idempotency key: 66d26d4e-ee0b-4ff4-85c3-956b05cbee7e
2021-07-23 09:52:09:953 [HTTP] --> POST /wd/hub/session
2021-07-23 09:52:09:954 [HTTP] {"desiredCapabilities":{"app":"D:\\UI Automation\\AndroidAutomation_ServiceProvider\\src\\test\\resources\\apps\\nitara-sahayak-1.0.0.461-uat.apk","appActivity":"com.nitara.serviceprovider.MainActivity","appPackage":"com.nitara.serviceprovider","automationName":"uiautomator2","chromeDriverPort":"11000","platformName":"Android","udid":"de319e1e2346","deviceName":"MiA3","systemPort":"10000"},"capabilities":{"firstMatch":[{"appium:app":"D:\\UI Automation\\AndroidAutomation_ServiceProvider\\src\\test\\resources\\apps\\nitara-sahayak-1.0.0.461-uat.apk","appium:appActivity":"com.nitara.serviceprovider.MainActivity","appium:appPackage":"com.nitara.serviceprovider","appium:automationName":"uiautomator2","chromeDriverPort":"11000","appium:deviceName":"MiA3","platformName":"android","appium:systemPort":"10000","appium:udid":"de319e1e2346"}]}}
2021-07-23 09:52:09:954 [W3C] Calling AppiumDriver.createSession() with args: [{"app":"D:\\UI Automation\\AndroidAutomation_ServiceProvider\\src\\test\\resources\\apps\\nitara-sahayak-1.0.0.461-uat.apk","appActivity":"com.nitara.serviceprovider.MainActivity","appPackage":"com.nitara.serviceprovider","automationName":"uiautomator2","chromeDriverPort":"11000","platformName":"Android","udid":"de319e1e2346","deviceName":"MiA3","systemPort":"10000"},null,{"firstMatch":[{"appium:app":"D:\\UI Automation\\AndroidAutomation_ServiceProvider\\src\\test\\resources\\apps\\nitara-sahayak-1.0.0.461-uat.apk","appium:appActivity":"com.nitara.serviceprovider.MainActivity","appium:appPackage":"com.nitara.serviceprovider","appium:automationName":"uiautomator2","chromeDriverPort":"11000","appium:deviceName":"MiA3","platformName":"android","appium:systemPort":"10000","appium:udid":"de319e1e2346"}]}]
2021-07-23 09:52:09:955 [BaseDriver] Event 'newSessionRequested' logged at 1627033929954 (15:22:09 GMT+0530 (India Standard Time))
2021-07-23 09:52:09:957 [BaseDriver] The following capabilities are not standard capabilities and should have an extension prefix:
2021-07-23 09:52:09:957 [BaseDriver]   chromeDriverPort
2021-07-23 09:52:10:136 [Appium] Appium v1.21.0 creating new AndroidUiautomator2Driver (v1.65.0) session
2021-07-23 09:52:10:136 [Appium] There are no active sessions for cleanup
2021-07-23 09:52:10:138 [BaseDriver] W3C capabilities and MJSONWP desired capabilities were provided
2021-07-23 09:52:10:138 [BaseDriver] Creating session with W3C capabilities: {
2021-07-23 09:52:10:138 [BaseDriver]   "alwaysMatch": {
2021-07-23 09:52:10:138 [BaseDriver]     "appium:chromeDriverPort": "11000",
2021-07-23 09:52:10:139 [BaseDriver]     "platformName": "android",
2021-07-23 09:52:10:139 [BaseDriver]     "appium:app": "D:\\UI Automation\\AndroidAutomation_ServiceProvider\\src\\test\\resources\\apps\\nitara-sahayak-1.0.0.461-uat.apk",
2021-07-23 09:52:10:139 [BaseDriver]     "appium:appActivity": "com.nitara.serviceprovider.MainActivity",
2021-07-23 09:52:10:139 [BaseDriver]     "appium:appPackage": "com.nitara.serviceprovider",
2021-07-23 09:52:10:139 [BaseDriver]     "appium:automationName": "uiautomator2",
2021-07-23 09:52:10:139 [BaseDriver]     "appium:deviceName": "MiA3",
2021-07-23 09:52:10:139 [BaseDriver]     "appium:systemPort": "10000",
2021-07-23 09:52:10:139 [BaseDriver]     "appium:udid": "de319e1e2346"
2021-07-23 09:52:10:139 [BaseDriver]   },
2021-07-23 09:52:10:139 [BaseDriver]   "firstMatch": [
2021-07-23 09:52:10:139 [BaseDriver]     {}
2021-07-23 09:52:10:140 [BaseDriver]   ]
2021-07-23 09:52:10:140 [BaseDriver] }
2021-07-23 09:52:10:141 [BaseDriver] Number capability passed in as string. Functionality may be compromised.
2021-07-23 09:52:10:141 [BaseDriver] Number capability passed in as string. Functionality may be compromised.
2021-07-23 09:52:10:143 [BaseDriver] Capability 'systemPort' changed from string ('10000') to integer (10000). This may cause unexpected behavior
2021-07-23 09:52:10:143 [BaseDriver] Capability 'chromeDriverPort' changed from string ('11000') to integer (11000). This may cause unexpected behavior
2021-07-23 09:52:10:145 [BaseDriver] Session created with session id: cc656ac6-8f14-4b5b-b601-accda4a4d207
2021-07-23 09:52:10:147 [BaseDriver] Using local app 'D:\UI Automation\AndroidAutomation_ServiceProvider\src\test\resources\apps\nitara-sahayak-1.0.0.461-uat.apk'
2021-07-23 09:52:10:147 [UiAutomator2] Checking whether app is actually present
2021-07-23 09:52:10:152 [ADB] Found 1 'build-tools' folders under 'C:\Users\SURABHIKUMAR\Downloads\commandlinetools-win-7302050_latest\cmdline-tools' (newest first):
2021-07-23 09:52:10:152 [ADB]     C:/Users/SURABHIKUMAR/Downloads/commandlinetools-win-7302050_latest/cmdline-tools/build-tools/30.0.3
2021-07-23 09:52:10:152 [ADB] Using 'adb.exe' from 'C:\Users\SURABHIKUMAR\Downloads\commandlinetools-win-7302050_latest\cmdline-tools\platform-tools\adb.exe'
2021-07-23 09:52:10:153 [ADB] Running 'C:\Users\SURABHIKUMAR\Downloads\commandlinetools-win-7302050_latest\cmdline-tools\platform-tools\adb.exe -P 5037 start-server'
2021-07-23 09:52:10:169 [AndroidDriver] Retrieving device list
2021-07-23 09:52:10:169 [ADB] Trying to find a connected android device
2021-07-23 09:52:10:169 [ADB] Getting connected devices
2021-07-23 09:52:10:186 [ADB] Connected devices: [{"udid":"de319e1e2346","state":"device"}]
2021-07-23 09:52:10:186 [AndroidDriver] Using device: de319e1e2346
2021-07-23 09:52:10:187 [ADB] Using 'adb.exe' from 'C:\Users\SURABHIKUMAR\Downloads\commandlinetools-win-7302050_latest\cmdline-tools\platform-tools\adb.exe'
2021-07-23 09:52:10:187 [ADB] Running 'C:\Users\SURABHIKUMAR\Downloads\commandlinetools-win-7302050_latest\cmdline-tools\platform-tools\adb.exe -P 5037 start-server'
2021-07-23 09:52:10:198 [ADB] Setting device id to de319e1e2346
2021-07-23 09:52:10:199 [ADB] Running 'C:\Users\SURABHIKUMAR\Downloads\commandlinetools-win-7302050_latest\cmdline-tools\platform-tools\adb.exe -P 5037 -s de319e1e2346 shell getprop ro.build.version.sdk'
2021-07-23 09:52:10:290 [ADB] Current device property 'ro.build.version.sdk': 30
2021-07-23 09:52:10:291 [ADB] Getting device platform version
2021-07-23 09:52:10:291 [ADB] Running 'C:\Users\SURABHIKUMAR\Downloads\commandlinetools-win-7302050_latest\cmdline-tools\platform-tools\adb.exe -P 5037 -s de319e1e2346 shell getprop ro.build.version.release'
2021-07-23 09:52:10:366 [ADB] Current device property 'ro.build.version.release': 11
2021-07-23 09:52:10:367 [ADB] Device API level: 30
2021-07-23 09:52:10:367 [UiAutomator2] Relaxing hidden api policy
2021-07-23 09:52:10:368 [ADB] Running 'C:\Users\SURABHIKUMAR\Downloads\commandlinetools-win-7302050_latest\cmdline-tools\platform-tools\adb.exe -P 5037 -s de319e1e2346 shell 'settings put global hidden_api_policy_pre_p_apps 1;settings put global hidden_api_policy_p_apps 1;settings put global hidden_api_policy 1''
2021-07-23 09:52:10:611 [ADB] Running 'C:\Users\SURABHIKUMAR\Downloads\commandlinetools-win-7302050_latest\cmdline-tools\platform-tools\adb.exe -P 5037 -s de319e1e2346 wait-for-device'
2021-07-23 09:52:10:625 [ADB] Running 'C:\Users\SURABHIKUMAR\Downloads\commandlinetools-win-7302050_latest\cmdline-tools\platform-tools\adb.exe -P 5037 -s de319e1e2346 shell echo ping'
2021-07-23 09:52:10:681 [AndroidDriver] Pushing settings apk to device...
2021-07-23 09:52:10:682 [ADB] Getting install status for io.appium.settings
2021-07-23 09:52:10:682 [ADB] Running 'C:\Users\SURABHIKUMAR\Downloads\commandlinetools-win-7302050_latest\cmdline-tools\platform-tools\adb.exe -P 5037 -s de319e1e2346 shell dumpsys package io.appium.settings'
2021-07-23 09:52:10:816 [ADB] 'io.appium.settings' is installed
2021-07-23 09:52:10:817 [ADB] Getting package info for 'io.appium.settings'
2021-07-23 09:52:10:817 [ADB] Running 'C:\Users\SURABHIKUMAR\Downloads\commandlinetools-win-7302050_latest\cmdline-tools\platform-tools\adb.exe -P 5037 -s de319e1e2346 shell dumpsys package io.appium.settings'
2021-07-23 09:52:10:985 [ADB] The version name of the installed 'io.appium.settings' is greater or equal to the application version name ('3.3.0' >= '3.3.0')
2021-07-23 09:52:10:985 [ADB] There is no need to install/upgrade 'C:\Users\SURABHIKUMAR\AppData\Roaming\npm\node_modules\appium\node_modules\io.appium.settings\apks\settings_apk-debug.apk'
2021-07-23 09:52:10:985 [ADB] Getting IDs of all 'io.appium.settings' processes
2021-07-23 09:52:10:985 [ADB] Running 'C:\Users\SURABHIKUMAR\Downloads\commandlinetools-win-7302050_latest\cmdline-tools\platform-tools\adb.exe -P 5037 -s de319e1e2346 shell 'pgrep --help; echo $?''
2021-07-23 09:52:11:099 [ADB] Running 'C:\Users\SURABHIKUMAR\Downloads\commandlinetools-win-7302050_latest\cmdline-tools\platform-tools\adb.exe -P 5037 -s de319e1e2346 shell pgrep -f \(\[\[:blank:\]\]\|\^\)io\.appium\.settings\(\[\[:blank:\]\]\|\$\)'
2021-07-23 09:52:11:251 [AndroidDriver] io.appium.settings is already running. There is no need to reset its permissions.
2021-07-23 09:52:11:251 [ADB] Running 'C:\Users\SURABHIKUMAR\Downloads\commandlinetools-win-7302050_latest\cmdline-tools\platform-tools\adb.exe -P 5037 -s de319e1e2346 shell appops set io.appium.settings android:mock_location allow'
2021-07-23 09:52:11:426 [Logcat] Starting logs capture with command: C:\\Users\\SURABHIKUMAR\\Downloads\\commandlinetools-win-7302050_latest\\cmdline-tools\\platform-tools\\adb.exe -P 5037 -s de319e1e2346 logcat -v threadtime
2021-07-23 09:52:11:502 [UiAutomator2] Forwarding UiAutomator2 Server port 6790 to local port 10000
2021-07-23 09:52:11:503 [ADB] Forwarding system: 10000 to device: 6790
2021-07-23 09:52:11:503 [ADB] Running 'C:\Users\SURABHIKUMAR\Downloads\commandlinetools-win-7302050_latest\cmdline-tools\platform-tools\adb.exe -P 5037 -s de319e1e2346 forward tcp:10000 tcp:6790'
2021-07-23 09:52:11:534 [ADB] Getting install status for io.appium.uiautomator2.server
2021-07-23 09:52:11:534 [ADB] Running 'C:\Users\SURABHIKUMAR\Downloads\commandlinetools-win-7302050_latest\cmdline-tools\platform-tools\adb.exe -P 5037 -s de319e1e2346 shell dumpsys package io.appium.uiautomator2.server'
2021-07-23 09:52:11:626 [ADB] 'io.appium.uiautomator2.server' is installed
2021-07-23 09:52:11:626 [ADB] Getting package info for 'io.appium.uiautomator2.server'
2021-07-23 09:52:11:626 [ADB] Running 'C:\Users\SURABHIKUMAR\Downloads\commandlinetools-win-7302050_latest\cmdline-tools\platform-tools\adb.exe -P 5037 -s de319e1e2346 shell dumpsys package io.appium.uiautomator2.server'
2021-07-23 09:52:11:725 [ADB] The version name of the installed 'io.appium.uiautomator2.server' is greater or equal to the application version name ('4.21.1' >= '4.21.1')
2021-07-23 09:52:11:725 [UiAutomator2] io.appium.uiautomator2.server installation state: sameVersionInstalled
2021-07-23 09:52:11:725 [ADB] Checking app cert for C:\Users\SURABHIKUMAR\AppData\Roaming\npm\node_modules\appium\node_modules\appium-uiautomator2-server\apks\appium-uiautomator2-server-v4.21.1.apk
2021-07-23 09:52:11:727 [ADB] Using 'apksigner.jar' from 'C:\Users\SURABHIKUMAR\Downloads\commandlinetools-win-7302050_latest\cmdline-tools\build-tools\30.0.3\lib\apksigner.jar'
2021-07-23 09:52:11:727 [ADB] Starting apksigner: 'C:\\Program Files (x86)\\Java\\jdk1.8.0_291\\bin\\java.exe' -Xmx1024M -Xss1m -jar C:\\Users\\SURABHIKUMAR\\Downloads\\commandlinetools-win-7302050_latest\\cmdline-tools\\build-tools\\30.0.3\\lib\\apksigner.jar verify --print-certs C:\\Users\\SURABHIKUMAR\\AppData\\Roaming\\npm\\node_modules\\appium\\node_modules\\appium-uiautomator2-server\\apks\\appium-uiautomator2-server-v4.21.1.apk
2021-07-23 09:52:12:005 [ADB] apksigner stdout: Signer #1 certificate DN: EMAILADDRESS=android@android.com, CN=Android, OU=Android, O=Android, L=Mountain View, ST=California, C=US
2021-07-23 09:52:12:005 [ADB] Signer #1 certificate SHA-256 digest: a40da80a59d170caa950cf15c18c454d47a39b26989d8b640ecd745ba71bf5dc
2021-07-23 09:52:12:005 [ADB] Signer #1 certificate SHA-1 digest: 61ed377e85d386a8dfee6b864bd85b0bfaa5af81
2021-07-23 09:52:12:005 [ADB] Signer #1 certificate MD5 digest: e89b158e4bcf988ebd09eb83f5378e87
2021-07-23 09:52:12:005 [ADB] 
2021-07-23 09:52:12:005 [ADB] sha256 hash did match for 'appium-uiautomator2-server-v4.21.1.apk'
2021-07-23 09:52:12:005 [ADB] 'C:\Users\SURABHIKUMAR\AppData\Roaming\npm\node_modules\appium\node_modules\appium-uiautomator2-server\apks\appium-uiautomator2-server-v4.21.1.apk' is signed with the default certificate
2021-07-23 09:52:12:005 [ADB] Getting install status for io.appium.uiautomator2.server.test
2021-07-23 09:52:12:005 [ADB] Running 'C:\Users\SURABHIKUMAR\Downloads\commandlinetools-win-7302050_latest\cmdline-tools\platform-tools\adb.exe -P 5037 -s de319e1e2346 shell dumpsys package io.appium.uiautomator2.server.test'
2021-07-23 09:52:12:113 [ADB] 'io.appium.uiautomator2.server.test' is installed
2021-07-23 09:52:12:113 [ADB] Checking app cert for C:\Users\SURABHIKUMAR\AppData\Roaming\npm\node_modules\appium\node_modules\appium-uiautomator2-server\apks\appium-uiautomator2-server-debug-androidTest.apk
2021-07-23 09:52:12:113 [ADB] Starting apksigner: 'C:\\Program Files (x86)\\Java\\jdk1.8.0_291\\bin\\java.exe' -Xmx1024M -Xss1m -jar C:\\Users\\SURABHIKUMAR\\Downloads\\commandlinetools-win-7302050_latest\\cmdline-tools\\build-tools\\30.0.3\\lib\\apksigner.jar verify --print-certs C:\\Users\\SURABHIKUMAR\\AppData\\Roaming\\npm\\node_modules\\appium\\node_modules\\appium-uiautomator2-server\\apks\\appium-uiautomator2-server-debug-androidTest.apk
2021-07-23 09:52:12:335 [ADB] apksigner stdout: Signer #1 certificate DN: EMAILADDRESS=android@android.com, CN=Android, OU=Android, O=Android, L=Mountain View, ST=California, C=US
2021-07-23 09:52:12:335 [ADB] Signer #1 certificate SHA-256 digest: a40da80a59d170caa950cf15c18c454d47a39b26989d8b640ecd745ba71bf5dc
2021-07-23 09:52:12:335 [ADB] Signer #1 certificate SHA-1 digest: 61ed377e85d386a8dfee6b864bd85b0bfaa5af81
2021-07-23 09:52:12:335 [ADB] Signer #1 certificate MD5 digest: e89b158e4bcf988ebd09eb83f5378e87
2021-07-23 09:52:12:335 [ADB] 
2021-07-23 09:52:12:335 [ADB] sha256 hash did match for 'appium-uiautomator2-server-debug-androidTest.apk'
2021-07-23 09:52:12:335 [ADB] 'C:\Users\SURABHIKUMAR\AppData\Roaming\npm\node_modules\appium\node_modules\appium-uiautomator2-server\apks\appium-uiautomator2-server-debug-androidTest.apk' is signed with the default certificate
2021-07-23 09:52:12:335 [UiAutomator2] Server packages are not going to be (re)installed
2021-07-23 09:52:12:337 [UiAutomator2] Waiting up to 30000ms for services to be available
2021-07-23 09:52:12:337 [ADB] Running 'C:\Users\SURABHIKUMAR\Downloads\commandlinetools-win-7302050_latest\cmdline-tools\platform-tools\adb.exe -P 5037 -s de319e1e2346 shell pm list instrumentation'
2021-07-23 09:52:12:486 [UiAutomator2] Instrumentation target 'io.appium.uiautomator2.server.test/androidx.test.runner.AndroidJUnitRunner' is available
2021-07-23 09:52:12:488 [ADB] Adding packages ["io.appium.settings","io.appium.uiautomator2.server","io.appium.uiautomator2.server.test"] to Doze whitelist
2021-07-23 09:52:12:488 [ADB] Got the following command chunks to execute: [["dumpsys","deviceidle","whitelist","+io.appium.settings",";","dumpsys","deviceidle","whitelist","+io.appium.uiautomator2.server",";","dumpsys","deviceidle","whitelist","+io.appium.uiautomator2.server.test",";"]]
2021-07-23 09:52:12:488 [ADB] Running 'C:\Users\SURABHIKUMAR\Downloads\commandlinetools-win-7302050_latest\cmdline-tools\platform-tools\adb.exe -P 5037 -s de319e1e2346 shell dumpsys deviceidle whitelist +io.appium.settings ; dumpsys deviceidle whitelist +io.appium.uiautomator2.server ; dumpsys deviceidle whitelist +io.appium.uiautomator2.server.test ;'
2021-07-23 09:52:12:672 [ADB] Checking app cert for D:\UI Automation\AndroidAutomation_ServiceProvider\src\test\resources\apps\nitara-sahayak-1.0.0.461-uat.apk
2021-07-23 09:52:12:673 [ADB] Starting apksigner: 'C:\\Program Files (x86)\\Java\\jdk1.8.0_291\\bin\\java.exe' -Xmx1024M -Xss1m -jar C:\\Users\\SURABHIKUMAR\\Downloads\\commandlinetools-win-7302050_latest\\cmdline-tools\\build-tools\\30.0.3\\lib\\apksigner.jar verify --print-certs 'D:\\UI Automation\\AndroidAutomation_ServiceProvider\\src\\test\\resources\\apps\\nitara-sahayak-1.0.0.461-uat.apk'
